<?xml version="1.0" encoding="UTF-8"?>
<testsuite name="com.newcodes7.small_town.SmallTownApplicationTests" tests="1" skipped="0" failures="0" errors="0" timestamp="2025-06-03T11:27:19.797Z" hostname="codespaces-16a8b9" time="0.461">
  <properties/>
  <testcase name="contextLoads()" classname="com.newcodes7.small_town.SmallTownApplicationTests" time="0.461"/>
  <system-out><![CDATA[11:27:16.704 [Test worker] INFO org.springframework.test.context.support.AnnotationConfigContextLoaderUtils -- Could not detect default configuration classes for test class [com.newcodes7.small_town.SmallTownApplicationTests]: SmallTownApplicationTests does not declare any static, non-private, non-final, nested classes annotated with @Configuration.
11:27:16.804 [Test worker] INFO org.springframework.boot.test.context.SpringBootTestContextBootstrapper -- Found @SpringBootConfiguration com.newcodes7.small_town.SmallTownApplication for test class com.newcodes7.small_town.SmallTownApplicationTests

  .   ____          _            __ _ _
 /\\ / ___'_ __ _ _(_)_ __  __ _ \ \ \ \
( ( )\___ | '_ | '_| | '_ \/ _` | \ \ \ \
 \\/  ___)| |_)| | | | | || (_| |  ) ) ) )
  '  |____| .__|_| |_|_| |_\__, | / / / /
 =========|_|==============|___/=/_/_/_/

 :: Spring Boot ::                (v3.5.0)

2025-06-03T11:27:17.262Z  INFO 38560 --- [small-town] [    Test worker] c.n.s.SmallTownApplicationTests          : Starting SmallTownApplicationTests using Java 17.0.15 with PID 38560 (started by codespace in /workspaces/small-town)
2025-06-03T11:27:17.263Z  INFO 38560 --- [small-town] [    Test worker] c.n.s.SmallTownApplicationTests          : No active profile set, falling back to 1 default profile: "default"
2025-06-03T11:27:17.889Z  INFO 38560 --- [small-town] [    Test worker] .s.d.r.c.RepositoryConfigurationDelegate : Bootstrapping Spring Data JPA repositories in DEFAULT mode.
2025-06-03T11:27:17.910Z  INFO 38560 --- [small-town] [    Test worker] .s.d.r.c.RepositoryConfigurationDelegate : Finished Spring Data repository scanning in 10 ms. Found 0 JPA repository interfaces.
2025-06-03T11:27:18.219Z  INFO 38560 --- [small-town] [    Test worker] com.zaxxer.hikari.HikariDataSource       : HikariPool-1 - Starting...
2025-06-03T11:27:18.530Z  INFO 38560 --- [small-town] [    Test worker] com.zaxxer.hikari.pool.HikariPool        : HikariPool-1 - Added connection com.mysql.cj.jdbc.ConnectionImpl@272778ae
2025-06-03T11:27:18.531Z  INFO 38560 --- [small-town] [    Test worker] com.zaxxer.hikari.HikariDataSource       : HikariPool-1 - Start completed.
2025-06-03T11:27:18.564Z  INFO 38560 --- [small-town] [    Test worker] o.hibernate.jpa.internal.util.LogHelper  : HHH000204: Processing PersistenceUnitInfo [name: default]
2025-06-03T11:27:18.612Z  INFO 38560 --- [small-town] [    Test worker] org.hibernate.Version                    : HHH000412: Hibernate ORM core version 6.6.15.Final
2025-06-03T11:27:18.653Z  INFO 38560 --- [small-town] [    Test worker] o.h.c.internal.RegionFactoryInitiator    : HHH000026: Second-level cache disabled
2025-06-03T11:27:18.907Z  INFO 38560 --- [small-town] [    Test worker] o.s.o.j.p.SpringPersistenceUnitInfo      : No LoadTimeWeaver setup: ignoring JPA class transformer
2025-06-03T11:27:19.003Z  INFO 38560 --- [small-town] [    Test worker] org.hibernate.orm.connections.pooling    : HHH10001005: Database info:
	Database JDBC URL [Connecting through datasource 'HikariDataSource (HikariPool-1)']
	Database driver: undefined/unknown
	Database version: 9.3
	Autocommit mode: undefined/unknown
	Isolation level: undefined/unknown
	Minimum pool size: undefined/unknown
	Maximum pool size: undefined/unknown
2025-06-03T11:27:19.246Z  INFO 38560 --- [small-town] [    Test worker] o.h.e.t.j.p.i.JtaPlatformInitiator       : HHH000489: No JTA platform available (set 'hibernate.transaction.jta.platform' to enable JTA platform integration)
2025-06-03T11:27:19.250Z  INFO 38560 --- [small-town] [    Test worker] j.LocalContainerEntityManagerFactoryBean : Initialized JPA EntityManagerFactory for persistence unit 'default'
2025-06-03T11:27:19.372Z  WARN 38560 --- [small-town] [    Test worker] JpaBaseConfiguration$JpaWebConfiguration : spring.jpa.open-in-view is enabled by default. Therefore, database queries may be performed during view rendering. Explicitly configure spring.jpa.open-in-view to disable this warning
2025-06-03T11:27:19.629Z  WARN 38560 --- [small-town] [    Test worker] ion$DefaultTemplateResolverConfiguration : Cannot find template location: classpath:/templates/ (please add some templates, check your Thymeleaf configuration, or set spring.thymeleaf.check-template-location=false)
2025-06-03T11:27:19.784Z  INFO 38560 --- [small-town] [    Test worker] c.n.s.SmallTownApplicationTests          : Started SmallTownApplicationTests in 2.864 seconds (process running for 3.875)
]]></system-out>
  <system-err><![CDATA[]]></system-err>
</testsuite>
